<?xml version="1.0" encoding="UTF-8"?>
<testsuite xmlns:xsi="http://www.w3.org/2001/XMLSchema-instance" xsi:noNamespaceSchemaLocation="https://maven.apache.org/surefire/maven-surefire-plugin/xsd/surefire-test-report.xsd" name="tasks.test.DateServiceTest" time="0.162" tests="10" errors="0" skipped="0" failures="0">
  <properties>
[...]
</properties>
  <testcase name="getDateMergedWithTime_invalid_date_BVA" classname="tasks.test.DateServiceTest" time="0.133"/>
  <testcase name="getDateMergedWithTime_valid_minute_ECP[1]" classname="tasks.test.DateServiceTest" time="0.002"/>
  <testcase name="getDateMergedWithTime_valid_minute_ECP[2]" classname="tasks.test.DateServiceTest" time="0.001"/>
  <testcase name="getDateMergedWithTime_valid_minute_ECP[3]" classname="tasks.test.DateServiceTest" time="0.001"/>
  <testcase name="getDateMergedWithTime_valid_date_BVA" classname="tasks.test.DateServiceTest" time="0.001"/>
  <testcase name="getDateMergedWithTime_invalid_hour_BVA" classname="tasks.test.DateServiceTest" time="0.001"/>
  <testcase name="getDateMergedWithTime_invalid_hour_ECP" classname="tasks.test.DateServiceTest" time="0.001"/>
  <testcase name="getDateMergedWithTime_invalid_minute_ECP" classname="tasks.test.DateServiceTest" time="0.001"/>
  <testcase name="getDateMergedWithTime_valid_hour_BVA" classname="tasks.test.DateServiceTest" time="0.001"/>
  <testcase name="getDateMergedWithTime_valid_hour_ECP" classname="tasks.test.DateServiceTest" time="0.001"/>
</testsuite>